[debug] [2022-05-02T10:27:45.055Z] ----------------------------------------------------------------------
[debug] [2022-05-02T10:27:45.058Z] Command:       C:\Program Files (x86)\nodejs\node.exe C:\Users\Khand\AppData\Roaming\npm\node_modules\firebase-tools\lib\bin\firebase.js init
[debug] [2022-05-02T10:27:45.059Z] CLI Version:   10.7.2
[debug] [2022-05-02T10:27:45.059Z] Platform:      win32
[debug] [2022-05-02T10:27:45.059Z] Node Version:  v14.17.0
[debug] [2022-05-02T10:27:45.061Z] Time:          Mon May 02 2022 15:57:45 GMT+0530 (India Standard Time)
[debug] [2022-05-02T10:27:45.061Z] ----------------------------------------------------------------------
[debug] 
[debug] [2022-05-02T10:27:45.073Z] > command requires scopes: ["email","openid","https://www.googleapis.com/auth/cloudplatformprojects.readonly","https://www.googleapis.com/auth/firebase","https://www.googleapis.com/auth/cloud-platform"]
[debug] [2022-05-02T10:27:45.073Z] > authorizing via signed-in user (khandelwal18keshav@gmail.com)
[info] 
     ######## #### ########  ######## ########     ###     ######  ########
     ##        ##  ##     ## ##       ##     ##  ##   ##  ##       ##
     ######    ##  ########  ######   ########  #########  ######  ######
     ##        ##  ##    ##  ##       ##     ## ##     ##       ## ##
     ##       #### ##     ## ######## ########  ##     ##  ######  ########

You're about to initialize a Firebase project in this directory:

  C:\Users\Khand\OneDrive\Desktop\whatsapp-clone\whatsapp-clone

[info] 
=== Project Setup
[info] 
[info] First, let's associate this project directory with a Firebase project.
[info] You can create multiple project aliases by running firebase use --add, 
[info] but for now we'll just set up a default project.
[info] 
[debug] [2022-05-02T10:29:06.577Z] >>> [apiv2][query] GET https://firebase.googleapis.com/v1beta1/projects pageSize=100
[debug] [2022-05-02T10:29:07.613Z] <<< [apiv2][status] GET https://firebase.googleapis.com/v1beta1/projects 200
[debug] [2022-05-02T10:29:07.613Z] <<< [apiv2][body] GET https://firebase.googleapis.com/v1beta1/projects [omitted]
[info] i  Using project whatsapp-clone-f48d1 (whatsapp-clone) 
[info] 
=== Hosting Setup
[info] 
[info] Your public directory is the folder (relative to your project directory) that
[info] will contain Hosting assets to be uploaded with firebase deploy. If you
[info] have a build process for your assets, use your build's output directory.
[info] 
[debug] [2022-05-02T10:29:50.175Z] >>> [apiv2][query] GET https://www.gstatic.com/firebasejs/releases.json [none]
[debug] [2022-05-02T10:29:50.472Z] <<< [apiv2][status] GET https://www.gstatic.com/firebasejs/releases.json 200
[debug] [2022-05-02T10:29:50.472Z] <<< [apiv2][body] GET https://www.gstatic.com/firebasejs/releases.json {"current":{"version":"9.7.0","browserURL":"https://www.gstatic.com/firebasejs/9.7.0/firebase.js","packageURL":"https://www.gstatic.com/firebasejs/9.7.0/firebase.tgz"},"live":{"version":"9.7","browserURL":"https://www.gstatic.com/firebasejs/live/9.7/firebase.js","packageURL":"https://www.gstatic.com/firebasejs/live/9.7/firebase.tgz"},"components":{"analytics":"https://www.gstatic.com/firebasejs/9.7.0/firebase-analytics.js","app":"https://www.gstatic.com/firebasejs/9.7.0/firebase-app.js","app-check":"https://www.gstatic.com/firebasejs/9.7.0/firebase-app-check.js","auth":"https://www.gstatic.com/firebasejs/9.7.0/firebase-auth.js","auth/cordova":"https://www.gstatic.com/firebasejs/9.7.0/firebase-auth/cordova.js","auth/react-native":"https://www.gstatic.com/firebasejs/9.7.0/firebase-auth/react-native.js","functions":"https://www.gstatic.com/firebasejs/9.7.0/firebase-functions.js","firestore":"https://www.gstatic.com/firebasejs/9.7.0/firebase-firestore.js","firestore/lite":"https://www.gstatic.com/firebasejs/9.7.0/firebase-firestore/lite.js","storage":"https://www.gstatic.com/firebasejs/9.7.0/firebase-storage.js","performance":"https://www.gstatic.com/firebasejs/9.7.0/firebase-performance.js","remote-config":"https://www.gstatic.com/firebasejs/9.7.0/firebase-remote-config.js","messaging":"https://www.gstatic.com/firebasejs/9.7.0/firebase-messaging.js","messaging/sw":"https://www.gstatic.com/firebasejs/9.7.0/firebase-messaging/sw.js","database":"https://www.gstatic.com/firebasejs/9.7.0/firebase-database.js","firestore.memory":"https://www.gstatic.com/firebasejs/9.7.0/firebase-firestore.memory.js"}}
[info] +  Wrote public/index.html 
[info] 
[info] i  Detected a .git folder at C:\Users\Khand\OneDrive\Desktop\whatsapp-clone\whatsapp-clone 
[info] i  Authorizing with GitHub to upload your service account to a GitHub repository's secrets store. 
[info] 
[info] Visit this URL on this device to log in:
[info] https://github.com/login/oauth/authorize?client_id=89cf50f02ac6aaed3484&state=341649363&redirect_uri=http%3A%2F%2Flocalhost%3A9005&scope=read%3Auser%20repo%20public_repo
[info] 
[info] Waiting for authentication...
[debug] [2022-05-02T10:30:39.529Z] >>> HTTP REQUEST POST https://github.com/login/oauth/access_token  
 {"client_id":"89cf50f02ac6aaed3484","client_secret":"3330d14abc895d9a74d5f17cd7a00711fa2c5bf0","code":"0684a4a3747d327edc69","redirect_uri":"http://localhost:9005","state":"341649363"}
[debug] [2022-05-02T10:30:40.176Z] <<< HTTP RESPONSE 200 {"server":"GitHub.com","date":"Mon, 02 May 2022 10:30:40 GMT","content-type":"application/json; charset=utf-8","transfer-encoding":"chunked","vary":"X-PJAX, X-PJAX-Container, Accept-Encoding, Accept, X-Requested-With","permissions-policy":"interest-cohort=()","etag":"W/\"03b3476a82cd6e28cb62a4ae43fb3fcb\"","cache-control":"max-age=0, private, must-revalidate","strict-transport-security":"max-age=31536000; includeSubdomains; preload","x-frame-options":"deny","x-content-type-options":"nosniff","x-xss-protection":"0","referrer-policy":"origin-when-cross-origin, strict-origin-when-cross-origin","expect-ct":"max-age=2592000, report-uri=\"https://api.github.com/_private/browser/errors\"","content-security-policy":"default-src 'none'; base-uri 'self'; block-all-mixed-content; child-src github.com/assets-cdn/worker/ gist.github.com/assets-cdn/worker/; connect-src 'self' uploads.github.com objects-origin.githubusercontent.com www.githubstatus.com collector.github.com raw.githubusercontent.com api.github.com github-cloud.s3.amazonaws.com github-production-repository-file-5c1aeb.s3.amazonaws.com github-production-upload-manifest-file-7fdce7.s3.amazonaws.com github-production-user-asset-6210df.s3.amazonaws.com cdn.optimizely.com logx.optimizely.com/v1/events translator.github.com *.actions.githubusercontent.com wss://*.actions.githubusercontent.com online.visualstudio.com/api/v1/locations github-production-repository-image-32fea6.s3.amazonaws.com github-production-release-asset-2e65be.s3.amazonaws.com insights.github.com wss://alive.github.com; font-src github.githubassets.com; form-action 'self' github.com gist.github.com objects-origin.githubusercontent.com; frame-ancestors 'none'; frame-src render.githubusercontent.com viewscreen.githubusercontent.com notebooks.githubusercontent.com; img-src 'self' data: github.githubassets.com identicons.github.com github-cloud.s3.amazonaws.com secured-user-images.githubusercontent.com/ *.githubusercontent.com; manifest-src 'self'; media-src github.com user-images.githubusercontent.com/; script-src github.githubassets.com; style-src 'unsafe-inline' github.githubassets.com; worker-src github.com/assets-cdn/worker/ gist.github.com/assets-cdn/worker/","x-github-request-id":"E8CD:025C:16BB198:1A2A629:626FB2CF"}
[debug] [2022-05-02T10:30:40.327Z] >>> [apiv2][query] GET https://api.github.com/user [none]
[debug] [2022-05-02T10:30:40.950Z] <<< [apiv2][status] GET https://api.github.com/user 200
[debug] [2022-05-02T10:30:40.950Z] <<< [apiv2][body] GET https://api.github.com/user {"login":"Keshav18khandelwal","id":72183911,"node_id":"MDQ6VXNlcjcyMTgzOTEx","avatar_url":"https://avatars.githubusercontent.com/u/72183911?v=4","gravatar_id":"","url":"https://api.github.com/users/Keshav18khandelwal","html_url":"https://github.com/Keshav18khandelwal","followers_url":"https://api.github.com/users/Keshav18khandelwal/followers","following_url":"https://api.github.com/users/Keshav18khandelwal/following{/other_user}","gists_url":"https://api.github.com/users/Keshav18khandelwal/gists{/gist_id}","starred_url":"https://api.github.com/users/Keshav18khandelwal/starred{/owner}{/repo}","subscriptions_url":"https://api.github.com/users/Keshav18khandelwal/subscriptions","organizations_url":"https://api.github.com/users/Keshav18khandelwal/orgs","repos_url":"https://api.github.com/users/Keshav18khandelwal/repos","events_url":"https://api.github.com/users/Keshav18khandelwal/events{/privacy}","received_events_url":"https://api.github.com/users/Keshav18khandelwal/received_events","type":"User","site_admin":false,"name":null,"company":null,"blog":"","location":null,"email":null,"hireable":null,"bio":null,"twitter_username":null,"public_repos":11,"public_gists":1,"followers":0,"following":0,"created_at":"2020-10-01T05:09:19Z","updated_at":"2022-03-26T12:58:28Z","private_gists":0,"total_private_repos":0,"owned_private_repos":0,"disk_usage":63353,"collaborators":0,"two_factor_authentication":false,"plan":{"name":"free","space":976562499,"collaborators":0,"private_repos":10000}}
[info] 
[info] +  Success! Logged into GitHub as Keshav18khandelwal 
[info] 
[debug] [2022-05-02T10:31:03.964Z] >>> [apiv2][query] GET https://api.github.com/repos//actions/secrets/public-key type=owner
[debug] [2022-05-02T10:31:05.540Z] <<< [apiv2][status] GET https://api.github.com/repos//actions/secrets/public-key 404
[debug] [2022-05-02T10:31:05.540Z] <<< [apiv2][body] GET https://api.github.com/repos//actions/secrets/public-key {"message":"Not Found","documentation_url":"https://docs.github.com/rest"}
[debug] [2022-05-02T10:31:09.006Z] >>> [apiv2][query] GET https://api.github.com/repos//actions/secrets/public-key type=owner
[debug] [2022-05-02T10:31:09.471Z] <<< [apiv2][status] GET https://api.github.com/repos//actions/secrets/public-key 404
[debug] [2022-05-02T10:31:09.471Z] <<< [apiv2][body] GET https://api.github.com/repos//actions/secrets/public-key {"message":"Not Found","documentation_url":"https://docs.github.com/rest"}
[debug] [2022-05-02T10:31:51.756Z] >>> [apiv2][query] GET https://api.github.com/repos//actions/secrets/public-key type=owner
[debug] [2022-05-02T10:31:52.231Z] <<< [apiv2][status] GET https://api.github.com/repos//actions/secrets/public-key 404
[debug] [2022-05-02T10:31:52.231Z] <<< [apiv2][body] GET https://api.github.com/repos//actions/secrets/public-key {"message":"Not Found","documentation_url":"https://docs.github.com/rest"}
